<?xml version="1.0" encoding="UTF-8"?>
<testsuite xmlns:xsi="http://www.w3.org/2001/XMLSchema-instance" xsi:noNamespaceSchemaLocation="https://maven.apache.org/surefire/maven-surefire-plugin/xsd/surefire-test-report.xsd" version="3.0.2" name="com.epam.techtalk.taskmanager.TechtalkApplicationTests" time="2.983" tests="1" errors="0" skipped="0" failures="0">
  <properties>
[...]
</properties>
  <testcase name="contextLoads" classname="com.epam.techtalk.taskmanager.TechtalkApplicationTests" time="0.804">
    <system-out><![CDATA[2025-09-06 14:14:39 [main] INFO  o.s.t.c.s.AnnotationConfigContextLoaderUtils - Could not detect default configuration classes for test class [com.epam.techtalk.taskmanager.TechtalkApplicationTests]: TechtalkApplicationTests does not declare any static, non-private, non-final, nested classes annotated with @Configuration.
2025-09-06 14:14:39 [main] INFO  o.s.b.t.c.SpringBootTestContextBootstrapper - Found @SpringBootConfiguration com.epam.techtalk.taskmanager.TechtalkApplication for test class com.epam.techtalk.taskmanager.TechtalkApplicationTests
2025-09-06 14:14:39 [main] INFO  o.s.b.d.r.RestartApplicationListener - Restart disabled due to context in which it is running

  .   ____          _            __ _ _
 /\\ / ___'_ __ _ _(_)_ __  __ _ \ \ \ \
( ( )\___ | '_ | '_| | '_ \/ _` | \ \ \ \
 \\/  ___)| |_)| | | | | || (_| |  ) ) ) )
  '  |____| .__|_| |_|_| |_\__, | / / / /
 =========|_|==============|___/=/_/_/_/

 :: Spring Boot ::                (v3.5.5)

2025-09-06 14:14:40 [main] INFO  c.e.t.t.TechtalkApplicationTests - Starting TechtalkApplicationTests using Java 17.0.16 with PID 11518 (started by milton_ortegon in /Users/milton_ortegon/personal_projects/techtalk/techtalk)
2025-09-06 14:14:40 [main] INFO  c.e.t.t.TechtalkApplicationTests - The following 1 profile is active: "prod"
2025-09-06 14:14:40 [main] INFO  c.e.t.t.lifecycle.LifeCycleBean - Task Manager LifecycleBean initialized!
2025-09-06 14:14:41 [main] INFO  c.e.t.t.TechtalkApplicationTests - Started TechtalkApplicationTests in 1.379 seconds (process running for 3.194)
]]></system-out>
  </testcase>
</testsuite>